Log file open, 02/02/21 19:12:27
LogPlatformFile: Not using cached read wrapper
LogTaskGraph: Started task graph with 4 named threads and 7 total threads with 1 sets of task threads.
LogICUInternationalization: ICU TimeZone Detection - Raw Offset: -7:00, Platform Override: ''
LogInit: Build: ++UE4+Release-4.26-CL-0
LogInit: Engine Version: 4.26.0-0+++UE4+Release-4.26
LogInit: Compatible Engine Version: 4.26.0-0+++UE4+Release-4.26
LogInit: Net CL: 0
LogInit: OS: GenericOSVersionLabel (GenericOSSubVersionLabel), CPU: Intel(R) Core(TM) i5-1035G1 CPU @ 1.00GHz, GPU: GenericGPUBrand
LogInit: Compiled (64-bit): Jan 30 2021 21:43:40
LogInit: Compiled with Clang: 10.0.1 
LogInit: Build Configuration: Shipping
LogInit: Branch Name: ++UE4+Release-4.26
LogInit: Command Line:  -Abslog="/home/andrew/Documents/Unreal Projects/MyProject2/Saved/Logs/MyProject2-CRC.log" "/home/andrew/Documents/Unreal Projects/MyProject2/Saved/Crashes/crashinfo-MyProject2-pid-302515-5D0643E5A23A41079DEC7A2E782BAE58/"
LogInit: Base Directory: /home/andrew/Documents/UnrealEngine/Engine/Binaries/Linux/
LogInit: Allocator: binned2
LogInit: Installed Engine Build: 1
LogInit: Presizing for max 100000 objects, including 0 objects not considered by GC, pre-allocating 0 bytes for permanent pool.
LogConfig: Applying CVar settings from Section [/Script/Engine.StreamingSettings] File [/home/andrew/.config/Epic/CrashReportClient/Saved/Config/Linux/Engine.ini]
LogConfig: Setting CVar [[s.MinBulkDataSizeForAsyncLoading:131072]]
LogConfig: Setting CVar [[s.AsyncLoadingThreadEnabled:0]]
LogConfig: Setting CVar [[s.EventDrivenLoaderEnabled:1]]
LogConfig: Setting CVar [[s.WarnIfTimeLimitExceeded:0]]
LogConfig: Setting CVar [[s.TimeLimitExceededMultiplier:1.5]]
LogConfig: Setting CVar [[s.TimeLimitExceededMinTime:0.005]]
LogConfig: Setting CVar [[s.FlushStreamingOnExit:1]]
LogInit: Object subsystem initialized
LogConfig: Applying CVar settings from Section [ConsoleVariables] File [/home/andrew/.config/Epic/CrashReportClient/Saved/Config/Linux/Engine.ini]
[2021.02.03-02.12.28:204][  0]LogInit: Unix hardware info:
[2021.02.03-02.12.28:204][  0]LogInit:  - we are the first instance of this executable
[2021.02.03-02.12.28:204][  0]LogInit:  - this process' id (pid) is 303414, parent process' id (ppid) is 302515
[2021.02.03-02.12.28:204][  0]LogInit:  - we are not running under debugger
[2021.02.03-02.12.28:204][  0]LogInit:  - machine network name is 'andrew-HP-Laptop-15-dw2xxx'
[2021.02.03-02.12.28:206][  0]LogInit:  - user name is 'andrew' (andrew)
[2021.02.03-02.12.28:206][  0]LogInit:  - we're logged in locally
[2021.02.03-02.12.28:206][  0]LogInit:  - we're running with rendering
[2021.02.03-02.12.28:206][  0]LogInit:  - CPU: GenuineIntel 'Intel(R) Core(TM) i5-1035G1 CPU @ 1.00GHz' (signature: 0x706E5)
[2021.02.03-02.12.28:206][  0]LogInit:  - Number of physical cores available for the process: 4
[2021.02.03-02.12.28:206][  0]LogInit:  - Number of logical cores available for the process: 8
[2021.02.03-02.12.28:206][  0]LogInit:  - Cache line size: 64
[2021.02.03-02.12.28:206][  0]LogInit:  - Memory allocator used: binned2
[2021.02.03-02.12.28:206][  0]LogInit:  - This binary is optimized with LTO: no, PGO: no, instrumented for PGO data collection: no
[2021.02.03-02.12.28:206][  0]LogInit:  - This is an internal build.
[2021.02.03-02.12.28:206][  0]LogCore: Skipped benchmarking clocks because the engine is running in a standalone program mode - CLOCK_MONOTONIC will be used.
[2021.02.03-02.12.28:206][  0]LogInit: Unix-specific commandline switches:
[2021.02.03-02.12.28:206][  0]LogInit:  -ansimalloc - use malloc()/free() from libc (useful for tools like valgrind and electric fence)
[2021.02.03-02.12.28:206][  0]LogInit:  -jemalloc - use jemalloc for all memory allocation
[2021.02.03-02.12.28:206][  0]LogInit:  -binnedmalloc - use binned malloc  for all memory allocation
[2021.02.03-02.12.28:206][  0]LogInit:  -filemapcachesize=NUMBER - set the size for case-sensitive file mapping cache
[2021.02.03-02.12.28:206][  0]LogInit:  -useksm - uses kernel same-page mapping (KSM) for mapped memory (OFF)
[2021.02.03-02.12.28:207][  0]LogInit:  -ksmmergeall - marks all mmap'd memory pages suitable for KSM (OFF)
[2021.02.03-02.12.28:207][  0]LogInit:  -preloadmodulesymbols - Loads the main module symbols file into memory (OFF)
[2021.02.03-02.12.28:207][  0]LogInit:  -sigdfl=SIGNAL - Allows a specific signal to be set to its default handler rather then ignoring the signal
[2021.02.03-02.12.28:207][  0]LogInit:  -httpproxy=ADDRESS:PORT - redirects HTTP requests to a proxy (only supported if compiled with libcurl)
[2021.02.03-02.12.28:207][  0]LogInit:  -reuseconn - allow libcurl to reuse HTTP connections (only matters if compiled with libcurl)
[2021.02.03-02.12.28:207][  0]LogInit:  -virtmemkb=NUMBER - sets process virtual memory (address space) limit (overrides VirtualMemoryLimitInKB value from .ini)
[2021.02.03-02.12.28:207][  0]LogInit:  - Physical RAM available (not considering process quota): 12 GB (11757 MB, 12039268 KB, 12328210432 bytes)
[2021.02.03-02.12.28:207][  0]LogInit:  - VirtualMemoryAllocator pools will grow at scale 1.4
[2021.02.03-02.12.28:207][  0]LogInit:  - MemoryRangeDecommit() will be a no-op (re-run with -vmapoolevict to change)
[2021.02.03-02.12.28:239][  0]LogUObjectArray: 362 objects as part of root set at end of initial load.
[2021.02.03-02.12.28:239][  0]LogUObjectAllocator: 62544 out of 0 bytes used by permanent object pool.
[2021.02.03-02.12.28:239][  0]LogUObjectArray: CloseDisregardForGC: 0/0 objects in disregard for GC pool
[2021.02.03-02.12.28:240][  0]LogInit: Using OS detected language (en-US).
[2021.02.03-02.12.28:240][  0]LogInit: Using OS detected locale (en-US).
[2021.02.03-02.12.28:240][  0]LogTextLocalizationManager: No specific localization for 'en-US' exists, so the 'en' localization will be used.
[2021.02.03-02.12.28:297][  0]LogInit: Using OS detected language (en-US).
[2021.02.03-02.12.28:297][  0]LogInit: Using OS detected locale (en-US).
[2021.02.03-02.12.28:297][  0]LogTextLocalizationManager: No localization for 'en-US' exists, so 'en' will be used for the language.
[2021.02.03-02.12.28:298][  0]LogTextLocalizationManager: No localization for 'en-US' exists, so 'en' will be used for the locale.
[2021.02.03-02.12.28:299][  0]LogTextLocalizationManager: Compacting localization data took   1.47ms
[2021.02.03-02.12.28:300][  0]LogPackageLocalizationCache: Processed 2 localized package path(s) for 1 prioritized culture(s) in 0.000060 seconds
[2021.02.03-02.12.28:300][  0]CrashReportCoreLog: CrashReportClientVersion=1.0
[2021.02.03-02.12.28:300][  0]CrashReportCoreLog: CrashReportReceiver disabled
[2021.02.03-02.12.28:300][  0]CrashReportCoreLog: DataRouterUrl: https://datarouter.ol.epicgames.com/datarouter/api/v1/public/data
[2021.02.03-02.12.28:309][  0]LogInit: Initializing SDL.
[2021.02.03-02.12.28:914][  0]LogInit: Initialized SDL 2.0.12 revision: 13609 (hg-13609:34cc7d3b69d3) (compiled against 2.0.12)
[2021.02.03-02.12.28:914][  0]LogInit: Using SDL video driver 'x11'
[2021.02.03-02.12.28:957][  0]LogSlate: New Slate User Created.  User Index 0, Is Virtual User: 0
[2021.02.03-02.12.28:957][  0]LogSlate: Slate User Registered.  User Index 0, Is Virtual User: 0
[2021.02.03-02.12.28:968][  0]LogSlate: Using FreeType 2.10.0
[2021.02.03-02.12.28:968][  0]LogSlate: SlateFontServices - WITH_FREETYPE: 1, WITH_HARFBUZZ: 1
[2021.02.03-02.12.28:968][  0]LogInit: Using SDL_WINDOW_OPENGL
[2021.02.03-02.12.28:980][  0]LogInit: FSlateOpenGLContext::Initialize - creating OpenGL 2.1 context
[2021.02.03-02.12.29:273][  0]CrashReportCoreLog: Initial state = Unknown UploadState value
[2021.02.03-02.12.29:273][  0]CrashReportCoreLog: Initial state = Unknown UploadState value
[2021.02.03-02.12.29:368][  0]LogInit: FSlateOpenGLContext::Initialize - creating OpenGL 2.1 context
[2021.02.03-02.12.29:377][  0]LogSlate: Took 0.000090 seconds to synchronously load lazily loaded font '../../../Engine/Content/Slate/Fonts/Roboto-Regular.ttf' (155K)
[2021.02.03-02.12.29:379][  0]LogSlate: Took 0.000104 seconds to synchronously load lazily loaded font '../../../Engine/Content/Slate/Fonts/Roboto-Bold.ttf' (160K)
[2021.02.03-02.12.29:421][  0]LogSlate: Took 0.024478 seconds to synchronously load lazily loaded font '../../../Engine/Content/Slate/Fonts/Roboto-Italic.ttf' (157K)
[2021.02.03-02.12.31:746][  0]CrashReportCoreLog: Got 4 pending files to upload from 'crashinfo-MyProject2-pid-302515-5D0643E5A23A41079DEC7A2E782BAE58'
[2021.02.03-02.12.31:746][  0]CrashReportCoreLog: State change from Ready to SendingFiles
[2021.02.03-02.12.31:746][  0]CrashReportCoreLog: CompressAndSendData have 4 pending files
[2021.02.03-02.12.31:746][  0]CrashReportCoreLog: CompressAndSendData compressing 3365 bytes ('/home/andrew/Documents/Unreal Projects/MyProject2/Saved/Crashes/crashinfo-MyProject2-pid-302515-5D0643E5A23A41079DEC7A2E782BAE58/Diagnostics.txt')
[2021.02.03-02.12.31:746][  0]CrashReportCoreLog: CompressAndSendData compressing 107 bytes ('/home/andrew/Documents/Unreal Projects/MyProject2/Saved/Crashes/crashinfo-MyProject2-pid-302515-5D0643E5A23A41079DEC7A2E782BAE58/CrashReportClient.ini')
[2021.02.03-02.12.31:746][  0]CrashReportCoreLog: CompressAndSendData compressing 165040 bytes ('/home/andrew/Documents/Unreal Projects/MyProject2/Saved/Crashes/crashinfo-MyProject2-pid-302515-5D0643E5A23A41079DEC7A2E782BAE58/MyProject2.log')
[2021.02.03-02.12.31:746][  0]CrashReportCoreLog: CompressAndSendData compressing 28445 bytes ('/home/andrew/Documents/Unreal Projects/MyProject2/Saved/Crashes/crashinfo-MyProject2-pid-302515-5D0643E5A23A41079DEC7A2E782BAE58/CrashContext.runtime-xml')
[2021.02.03-02.12.31:975][  0]LogInit: Using libcurl 7.65.3-DEV
[2021.02.03-02.12.31:975][  0]LogInit:  - built for x86_64-unknown-linux-gnu
[2021.02.03-02.12.31:975][  0]LogInit:  - supports SSL with OpenSSL/1.1.1c
[2021.02.03-02.12.31:975][  0]LogInit:  - supports HTTP deflate (compression) using libz 1.2.8
[2021.02.03-02.12.31:975][  0]LogInit:  - other features:
[2021.02.03-02.12.31:975][  0]LogInit:      CURL_VERSION_SSL
[2021.02.03-02.12.31:975][  0]LogInit:      CURL_VERSION_LIBZ
[2021.02.03-02.12.31:975][  0]LogInit:      CURL_VERSION_IPV6
[2021.02.03-02.12.31:975][  0]LogInit:      CURL_VERSION_ASYNCHDNS
[2021.02.03-02.12.31:975][  0]LogInit:      CURL_VERSION_LARGEFILE
[2021.02.03-02.12.31:975][  0]LogInit:      CURL_VERSION_TLSAUTH_SRP
[2021.02.03-02.12.31:975][  0]LogInit:  CurlRequestOptions (configurable via config and command line):
[2021.02.03-02.12.31:975][  0]LogInit:  - bVerifyPeer = false  - Libcurl will NOT verify peer certificate
[2021.02.03-02.12.31:975][  0]LogInit:  - bUseHttpProxy = false  - Libcurl will NOT use HTTP proxy
[2021.02.03-02.12.31:975][  0]LogInit:  - bDontReuseConnections = false  - Libcurl will reuse connections
[2021.02.03-02.12.31:975][  0]LogInit:  - MaxHostConnections = 16  - Libcurl will limit the number of connections to a host
[2021.02.03-02.12.31:975][  0]LogInit:  - LocalHostAddr = Default
[2021.02.03-02.12.31:975][  0]LogInit:  - BufferSize = 65536
[2021.02.03-02.12.31:975][  0]CrashReportCoreLog: Sending HTTP request: https://datarouter.ol.epicgames.com/datarouter/api/v1/public/data?AppID=CrashReporter&AppVersion=4.26.0-0%2B%2B%2BUE4%2BRelease-4.26&AppEnvironment=Release&UploadType=crashreports&UserID=db6da3ab2de54dc9996481338503a9e7-000003e8%7C%7Cdb6da3ab2de54dc9996481338503a9e7
[2021.02.03-02.12.32:777][  0]CrashReportCoreLog: OnProcessRequestComplete(), State=SendingFiles bSucceeded=1
[2021.02.03-02.12.32:777][  0]CrashReportCoreLog: State change from SendingFiles to SendingFiles
[2021.02.03-02.12.32:777][  0]CrashReportCoreLog: All uploads done
[2021.02.03-02.12.32:777][  0]CrashReportCoreLog: State change from SendingFiles to Finished
[2021.02.03-02.12.33:780][  0]LogSlate: Request Window 'Unreal Engine 4 Crash Reporter' being destroyed
[2021.02.03-02.12.33:780][  0]LogSlate: Window 'Unreal Engine 4 Crash Reporter' being destroyed
[2021.02.03-02.12.33:781][  0]LogCore: Engine exit requested (reason: OnRequestExit)
[2021.02.03-02.12.33:783][  0]CrashReportCoreLog: Final state (Receiver) = Finished
[2021.02.03-02.12.33:783][  0]CrashReportCoreLog: Final state (Receiver) = Unknown UploadState value
[2021.02.03-02.12.33:787][  0]LogSlate: Slate User Destroyed.  User Index 0, Is Virtual User: 0
[2021.02.03-02.12.33:787][  0]LogCore: Engine exit requested (reason: CrashReportClientApp RequestExit; note: exit was already requested)
[2021.02.03-02.12.33:787][  0]LogExit: Preparing to exit.
[2021.02.03-02.12.33:788][  0]LogExit: Object subsystem successfully closed.
[2021.02.03-02.12.33:812][  0]LogModuleManager: Shutting down and abandoning module HTTP (14)
[2021.02.03-02.12.33:812][  0]LogHttp: Display: cleaning up 0 outstanding Http requests.
[2021.02.03-02.12.33:845][  0]LogModuleManager: Shutting down and abandoning module SSL (13)
[2021.02.03-02.12.33:846][  0]LogModuleManager: Shutting down and abandoning module ImageWrapper (10)
[2021.02.03-02.12.33:846][  0]LogModuleManager: Shutting down and abandoning module InputCore (8)
[2021.02.03-02.12.33:846][  0]LogModuleManager: Shutting down and abandoning module CoreUObject (6)
[2021.02.03-02.12.33:846][  0]LogModuleManager: Shutting down and abandoning module PakFile (4)
[2021.02.03-02.12.33:846][  0]LogModuleManager: Shutting down and abandoning module RSA (3)
[2021.02.03-02.12.33:846][  0]LogExit: Exiting.
[2021.02.03-02.12.33:846][  0]LogInit: Tearing down SDL.
[2021.02.03-02.12.33:868][  0]Log file closed, 02/02/21 19:12:33
